0 info it worked if it ends with ok
1 verbose cli [ '/usr/local/bin/node', '/usr/local/bin/npm', 'run', 'serve' ]
2 info using npm@3.10.6
3 info using node@v4.2.4
4 verbose run-script [ 'preserve', 'serve', 'postserve' ]
5 info lifecycle angular-intro@1.0.0~preserve: angular-intro@1.0.0
6 silly lifecycle angular-intro@1.0.0~preserve: no script for preserve, continuing
7 info lifecycle angular-intro@1.0.0~serve: angular-intro@1.0.0
8 verbose lifecycle angular-intro@1.0.0~serve: unsafe-perm in lifecycle true
9 verbose lifecycle angular-intro@1.0.0~serve: PATH: /usr/local/lib/node_modules/npm/bin/node-gyp-bin:/home/maneesh/Documents/wdc/fall-16/week-3/angular-intro/node_modules/.bin:/usr/local/heroku/bin:/usr/local/sbin:/usr/local/bin:/usr/sbin:/usr/bin:/sbin:/bin:/usr/games:/usr/local/games:/home/maneesh/bin:/home/maneesh/Documents/android-studio/bin:/home/maneesh/.vimpkg/bin
10 verbose lifecycle angular-intro@1.0.0~serve: CWD: /home/maneesh/Documents/wdc/fall-16/week-3/angular-intro
11 silly lifecycle angular-intro@1.0.0~serve: Args: [ '-c', 'webpack-dev-server --colors --hot --inline' ]
12 silly lifecycle angular-intro@1.0.0~serve: Returned: code: 1  signal: null
13 info lifecycle angular-intro@1.0.0~serve: Failed to exec serve script
14 verbose stack Error: angular-intro@1.0.0 serve: `webpack-dev-server --colors --hot --inline`
14 verbose stack Exit status 1
14 verbose stack     at EventEmitter.<anonymous> (/usr/local/lib/node_modules/npm/lib/utils/lifecycle.js:255:16)
14 verbose stack     at emitTwo (events.js:87:13)
14 verbose stack     at EventEmitter.emit (events.js:172:7)
14 verbose stack     at ChildProcess.<anonymous> (/usr/local/lib/node_modules/npm/lib/utils/spawn.js:40:14)
14 verbose stack     at emitTwo (events.js:87:13)
14 verbose stack     at ChildProcess.emit (events.js:172:7)
14 verbose stack     at maybeClose (internal/child_process.js:818:16)
14 verbose stack     at Process.ChildProcess._handle.onexit (internal/child_process.js:211:5)
15 verbose pkgid angular-intro@1.0.0
16 verbose cwd /home/maneesh/Documents/wdc/fall-16/week-3/angular-intro
17 error Linux 4.2.0-42-generic
18 error argv "/usr/local/bin/node" "/usr/local/bin/npm" "run" "serve"
19 error node v4.2.4
20 error npm  v3.10.6
21 error code ELIFECYCLE
22 error angular-intro@1.0.0 serve: `webpack-dev-server --colors --hot --inline`
22 error Exit status 1
23 error Failed at the angular-intro@1.0.0 serve script 'webpack-dev-server --colors --hot --inline'.
23 error Make sure you have the latest version of node.js and npm installed.
23 error If you do, this is most likely a problem with the angular-intro package,
23 error not with npm itself.
23 error Tell the author that this fails on your system:
23 error     webpack-dev-server --colors --hot --inline
23 error You can get information on how to open an issue for this project with:
23 error     npm bugs angular-intro
23 error Or if that isn't available, you can get their info via:
23 error     npm owner ls angular-intro
23 error There is likely additional logging output above.
24 verbose exit [ 1, true ]
